  Uic'ing AuthDlg.ui...
  Uic'ing DownloadDlg.ui...
  Uic'ing MainDlg.ui...
  Uic'ing ScanCodeDlg.ui...
  Uic'ing SettingDlg.ui...
  Uic'ing UnlockDlg.ui...
  Uic'ing UpdateDlg.ui...
  Rcc'ing Resource.qrc...
  Moc'ing UpdateDlg.h...
  Moc'ing AuthDlg.h...
  Moc'ing SerialPortTool.h...
  Moc'ing QMessageBoxEx.h...
  Moc'ing jqcpumonitor.h...
  Moc'ing Function.h...
  Moc'ing Hardware.h...
  Moc'ing DownloadDlg.h...
  Moc'ing Downloader.h...
  Moc'ing Types.h...
  Moc'ing Detection.h...
  Moc'ing UnlockDlg.h...
  Moc'ing ScanCodeDlg.h...
  Moc'ing SettingDlg.h...
  Moc'ing QLabelEx.h...
  Moc'ing MainDlg.h...
  Moc'ing JsonTool.h...
  AuthDlg.cpp
  Detection.cpp
  DownloadDlg.cpp
  Downloader.cpp
  Function.cpp
  Hardware.cpp
  jqcpumonitor.cpp
  MainDlg.cpp
  JsonTool.cpp
  QLabelEx.cpp
  RayAxis.cpp
  ScanCodeDlg.cpp
  SerialPortTool.cpp
  SettingDlg.cpp
  CanSender.cpp
  Types.cpp
  UnlockDlg.cpp
  UpdateDlg.cpp
  qrc_Resource.cpp
  moc_UpdateDlg.cpp
  moc_AuthDlg.cpp
  moc_SerialPortTool.cpp
  moc_QMessageBoxEx.cpp
  moc_jqcpumonitor.cpp
  moc_Function.cpp
  moc_Hardware.cpp
  moc_DownloadDlg.cpp
  moc_Downloader.cpp
  moc_Types.cpp
  moc_Detection.cpp
  moc_UnlockDlg.cpp
  moc_ScanCodeDlg.cpp
  moc_SettingDlg.cpp
  moc_QLabelEx.cpp
  moc_MainDlg.cpp
  moc_JsonTool.cpp
  Detection.vcxproj -> E:\Silence\Lib\Debug\Detection.lib
