e:\silence\lib\detection\debug\authdlg.obj
e:\silence\lib\detection\debug\rayaxis.obj
e:\silence\lib\detection\debug\scancodedlg.obj
e:\silence\lib\detection\debug\types.obj
e:\silence\lib\detection\debug\downloaddlg.obj
e:\silence\lib\detection\debug\maindlg.obj
e:\silence\lib\detection\debug\updatedlg.obj
e:\silence\lib\detection\debug\downloader.obj
e:\silence\lib\detection\debug\qlabelex.obj
e:\silence\lib\detection\debug\serialport.obj
e:\silence\lib\detection\debug\unlockdlg.obj
e:\silence\lib\detection\debug\detection.obj
e:\silence\lib\detection\debug\jqcpumonitor.obj
e:\silence\lib\detection\debug\jsontool.obj
e:\silence\lib\detection\debug\function.obj
e:\silence\lib\detection\debug\settingdlg.obj
e:\silence\lib\detection\debug\moc_updatedlg.obj
e:\silence\lib\detection\debug\moc_hardware.obj
e:\silence\lib\detection\debug\moc_scancodedlg.obj
e:\silence\lib\detection\debug\moc_jsontool.obj
e:\silence\lib\detection\debug\moc_authdlg.obj
e:\silence\lib\detection\debug\moc_downloaddlg.obj
e:\silence\lib\detection\debug\moc_detection.obj
e:\silence\lib\detection\debug\moc_qlabelex.obj
e:\silence\lib\detection\debug\qrc_resource.obj
e:\silence\lib\detection\debug\moc_qmessageboxex.obj
e:\silence\lib\detection\debug\moc_function.obj
e:\silence\lib\detection\debug\moc_unlockdlg.obj
e:\silence\lib\detection\debug\moc_maindlg.obj
e:\silence\lib\detection\debug\moc_serialport.obj
e:\silence\lib\detection\debug\moc_jqcpumonitor.obj
e:\silence\lib\detection\debug\moc_downloader.obj
e:\silence\lib\detection\debug\moc_types.obj
e:\silence\lib\detection\debug\moc_settingdlg.obj
e:\silence\lib\detection\debug\detection.pdb
e:\silence\lib\detection\debug\hardware.obj
e:\silence\lib\detection\generatedfiles\ui_authdlg.h
e:\silence\lib\detection\generatedfiles\ui_downloaddlg.h
e:\silence\lib\detection\generatedfiles\ui_maindlg.h
e:\silence\lib\detection\generatedfiles\ui_scancodedlg.h
e:\silence\lib\detection\generatedfiles\ui_settingdlg.h
e:\silence\lib\detection\generatedfiles\ui_unlockdlg.h
e:\silence\lib\detection\generatedfiles\ui_updatedlg.h
e:\silence\lib\detection\generatedfiles\qrc_resource.cpp
e:\silence\lib\detection\generatedfiles\debug\moc_updatedlg.cpp
e:\silence\lib\detection\generatedfiles\debug\moc_authdlg.cpp
e:\silence\lib\detection\generatedfiles\debug\moc_serialport.cpp
e:\silence\lib\detection\generatedfiles\debug\moc_qmessageboxex.cpp
e:\silence\lib\detection\generatedfiles\debug\moc_jqcpumonitor.cpp
e:\silence\lib\detection\generatedfiles\debug\moc_function.cpp
e:\silence\lib\detection\generatedfiles\debug\moc_hardware.cpp
e:\silence\lib\detection\generatedfiles\debug\moc_downloaddlg.cpp
e:\silence\lib\detection\generatedfiles\debug\moc_downloader.cpp
e:\silence\lib\detection\generatedfiles\debug\moc_types.cpp
e:\silence\lib\detection\generatedfiles\debug\moc_detection.cpp
e:\silence\lib\detection\generatedfiles\debug\moc_unlockdlg.cpp
e:\silence\lib\detection\generatedfiles\debug\moc_scancodedlg.cpp
e:\silence\lib\detection\generatedfiles\debug\moc_settingdlg.cpp
e:\silence\lib\detection\generatedfiles\debug\moc_qlabelex.cpp
e:\silence\lib\detection\generatedfiles\debug\moc_maindlg.cpp
e:\silence\lib\detection\generatedfiles\debug\moc_jsontool.cpp
e:\silence\lib\debug\detection.lib
e:\silence\lib\detection\.\generatedfiles\debug\moc_updatedlg.cpp
e:\silence\lib\detection\.\generatedfiles\debug\moc_authdlg.cpp
e:\silence\lib\detection\.\generatedfiles\debug\moc_serialport.cpp
e:\silence\lib\detection\.\generatedfiles\debug\moc_qmessageboxex.cpp
e:\silence\lib\detection\.\generatedfiles\debug\moc_jqcpumonitor.cpp
e:\silence\lib\detection\.\generatedfiles\debug\moc_function.cpp
e:\silence\lib\detection\.\generatedfiles\debug\moc_hardware.cpp
e:\silence\lib\detection\.\generatedfiles\debug\moc_downloaddlg.cpp
e:\silence\lib\detection\.\generatedfiles\debug\moc_downloader.cpp
e:\silence\lib\detection\.\generatedfiles\debug\moc_types.cpp
e:\silence\lib\detection\.\generatedfiles\debug\moc_detection.cpp
e:\silence\lib\detection\.\generatedfiles\debug\moc_unlockdlg.cpp
e:\silence\lib\detection\.\generatedfiles\debug\moc_scancodedlg.cpp
e:\silence\lib\detection\.\generatedfiles\debug\moc_settingdlg.cpp
e:\silence\lib\detection\.\generatedfiles\debug\moc_qlabelex.cpp
e:\silence\lib\detection\.\generatedfiles\debug\moc_maindlg.cpp
e:\silence\lib\detection\.\generatedfiles\debug\moc_jsontool.cpp
e:\silence\lib\detection\.\generatedfiles\qrc_resource.cpp
e:\silence\lib\detection\.\generatedfiles\ui_authdlg.h
e:\silence\lib\detection\.\generatedfiles\ui_downloaddlg.h
e:\silence\lib\detection\.\generatedfiles\ui_maindlg.h
e:\silence\lib\detection\.\generatedfiles\ui_scancodedlg.h
e:\silence\lib\detection\.\generatedfiles\ui_settingdlg.h
e:\silence\lib\detection\.\generatedfiles\ui_unlockdlg.h
e:\silence\lib\detection\.\generatedfiles\ui_updatedlg.h
e:\silence\lib\debug\detection.pdb
e:\silence\lib\detection\debug\detection.tlog\cl.command.1.tlog
e:\silence\lib\detection\debug\detection.tlog\cl.read.1.tlog
e:\silence\lib\detection\debug\detection.tlog\cl.write.1.tlog
e:\silence\lib\detection\debug\detection.tlog\detection.write.1u.tlog
e:\silence\lib\detection\debug\detection.tlog\lib-link.read.1.tlog
e:\silence\lib\detection\debug\detection.tlog\lib-link.write.1.tlog
e:\silence\lib\detection\debug\detection.tlog\lib.command.1.tlog
e:\silence\lib\detection\debug\detection.tlog\moc.read.1u.tlog
e:\silence\lib\detection\debug\detection.tlog\moc.write.1u.tlog
e:\silence\lib\detection\debug\detection.tlog\rcc.read.1u.tlog
e:\silence\lib\detection\debug\detection.tlog\rcc.write.1u.tlog
e:\silence\lib\detection\debug\detection.tlog\uic.read.1u.tlog
e:\silence\lib\detection\debug\detection.tlog\uic.write.1u.tlog
