e:\silence\lib\detection\release\authdlg.obj
e:\silence\lib\detection\release\jsontool.obj
e:\silence\lib\detection\release\rayaxis.obj
e:\silence\lib\detection\release\scancodedlg.obj
e:\silence\lib\detection\release\qrc_resource.obj
e:\silence\lib\detection\release\moc_authdlg.obj
e:\silence\lib\detection\release\moc_jqcpumonitor.obj
e:\silence\lib\detection\release\moc_unlockdlg.obj
e:\silence\lib\detection\release\moc_qlabelex.obj
e:\silence\lib\detection\release\moc_jsontool.obj
e:\silence\lib\detection\release\canmatrix.obj
e:\silence\lib\detection\release\maindlg.obj
e:\silence\lib\detection\release\cansender.obj
e:\silence\lib\detection\release\moc_serialporttool.obj
e:\silence\lib\detection\release\moc_detection.obj
e:\silence\lib\detection\release\detection.obj
e:\silence\lib\detection\release\unlockdlg.obj
e:\silence\lib\detection\release\moc_qmessageboxex.obj
e:\silence\lib\detection\release\moc_scancodedlg.obj
e:\silence\lib\detection\release\moc_maindlg.obj
e:\silence\lib\detection\release\jqcpumonitor.obj
e:\silence\lib\detection\release\qlabelex.obj
e:\silence\lib\detection\release\serialporttool.obj
e:\silence\lib\detection\release\settingdlg.obj
e:\silence\lib\detection\release\moc_settingdlg.obj
e:\silence\lib\detection\generatedfiles\ui_authdlg.h
e:\silence\lib\detection\generatedfiles\ui_maindlg.h
e:\silence\lib\detection\generatedfiles\ui_scancodedlg.h
e:\silence\lib\detection\generatedfiles\ui_settingdlg.h
e:\silence\lib\detection\generatedfiles\ui_unlockdlg.h
e:\silence\lib\detection\generatedfiles\qrc_resource.cpp
e:\silence\lib\detection\generatedfiles\release\moc_authdlg.cpp
e:\silence\lib\detection\generatedfiles\release\moc_serialporttool.cpp
e:\silence\lib\detection\generatedfiles\release\moc_qmessageboxex.cpp
e:\silence\lib\detection\generatedfiles\release\moc_jqcpumonitor.cpp
e:\silence\lib\detection\generatedfiles\release\moc_detection.cpp
e:\silence\lib\detection\generatedfiles\release\moc_unlockdlg.cpp
e:\silence\lib\detection\generatedfiles\release\moc_scancodedlg.cpp
e:\silence\lib\detection\generatedfiles\release\moc_settingdlg.cpp
e:\silence\lib\detection\generatedfiles\release\moc_qlabelex.cpp
e:\silence\lib\detection\generatedfiles\release\moc_maindlg.cpp
e:\silence\lib\detection\generatedfiles\release\moc_jsontool.cpp
e:\silence\lib\release\detection.lib
e:\silence\lib\detection\.\generatedfiles\release\moc_authdlg.cpp
e:\silence\lib\detection\.\generatedfiles\release\moc_serialporttool.cpp
e:\silence\lib\detection\.\generatedfiles\release\moc_qmessageboxex.cpp
e:\silence\lib\detection\.\generatedfiles\release\moc_jqcpumonitor.cpp
e:\silence\lib\detection\.\generatedfiles\release\moc_unlockdlg.cpp
e:\silence\lib\detection\.\generatedfiles\release\moc_scancodedlg.cpp
e:\silence\lib\detection\.\generatedfiles\release\moc_settingdlg.cpp
e:\silence\lib\detection\.\generatedfiles\release\moc_qlabelex.cpp
e:\silence\lib\detection\.\generatedfiles\release\moc_maindlg.cpp
e:\silence\lib\detection\.\generatedfiles\release\moc_jsontool.cpp
e:\silence\lib\detection\.\generatedfiles\release\moc_detection.cpp
e:\silence\lib\detection\.\generatedfiles\qrc_resource.cpp
e:\silence\lib\detection\.\generatedfiles\ui_authdlg.h
e:\silence\lib\detection\.\generatedfiles\ui_maindlg.h
e:\silence\lib\detection\.\generatedfiles\ui_scancodedlg.h
e:\silence\lib\detection\.\generatedfiles\ui_settingdlg.h
e:\silence\lib\detection\.\generatedfiles\ui_unlockdlg.h
e:\silence\lib\detection\release\detection.tlog\cl.command.1.tlog
e:\silence\lib\detection\release\detection.tlog\cl.read.1.tlog
e:\silence\lib\detection\release\detection.tlog\cl.write.1.tlog
e:\silence\lib\detection\release\detection.tlog\detection.write.1u.tlog
e:\silence\lib\detection\release\detection.tlog\lib-link.read.1.tlog
e:\silence\lib\detection\release\detection.tlog\lib-link.write.1.tlog
e:\silence\lib\detection\release\detection.tlog\lib.command.1.tlog
e:\silence\lib\detection\release\detection.tlog\moc.read.1u.tlog
e:\silence\lib\detection\release\detection.tlog\moc.write.1u.tlog
e:\silence\lib\detection\release\detection.tlog\rcc.read.1u.tlog
e:\silence\lib\detection\release\detection.tlog\rcc.write.1u.tlog
e:\silence\lib\detection\release\detection.tlog\uic.read.1u.tlog
e:\silence\lib\detection\release\detection.tlog\uic.write.1u.tlog
