  Uic'ing AuthDlg.ui...
  Uic'ing MainDlg.ui...
  Uic'ing ScanCodeDlg.ui...
  Uic'ing SettingDlg.ui...
  Uic'ing UnlockDlg.ui...
  Rcc'ing MainDlg.qrc...
  Rcc'ing SettingDlg.qrc...
  Moc'ing AuthDlg.h...
  Moc'ing SerialPortTool.h...
  Moc'ing QMessageBoxEx.h...
  Moc'ing Detection.h...
  Moc'ing UnlockDlg.h...
  Moc'ing ScanCodeDlg.h...
  Moc'ing SettingDlg.h...
  Moc'ing QLabelEx.h...
  Moc'ing MainDlg.h...
  Moc'ing JsonTool.h...
  AuthDlg.cpp
  CanMatrix.cpp
  Detection.cpp
  DVRNP.cpp
  MainDlg.cpp
  JsonTool.cpp
  QLabelEx.cpp
  RayAxis.cpp
  ScanCodeDlg.cpp
  SerialPortTool.cpp
  SettingDlg.cpp
  CanSender.cpp
  UnlockDlg.cpp
  qrc_MainDlg.cpp
  qrc_SettingDlg.cpp
  moc_AuthDlg.cpp
  moc_SerialPortTool.cpp
  moc_QMessageBoxEx.cpp
  moc_Detection.cpp
  moc_UnlockDlg.cpp
  moc_ScanCodeDlg.cpp
  moc_SettingDlg.cpp
  moc_QLabelEx.cpp
  moc_MainDlg.cpp
  moc_JsonTool.cpp
  Detection.vcxproj -> E:\Silence\Lib\Release\Detection.lib
